--------------------------------------------------
启动程序 程序启动成功 [进程号->53778] 启动于：2026-01-09 10:55:21.664
2026-01-09 10:55:21.671	warn	/Users/yujizhou/development/projects/go/aid/web-site/backend/aid-web-backend-gin/command/web_service.cmd.go:24	当前运行在 非 Debug 模式，Gin 使用 Release 模式
2026-01-09 10:55:21.671	warn	/Users/yujizhou/development/projects/go/aid/web-site/backend/aid-web-backend-gin/command/web_service.cmd.go:24	当前运行在 非 Debug 模式，Gin 使用 Release 模式
2026-01-09 10:55:21.671	warn	/Users/yujizhou/development/projects/go/aid/web-site/backend/aid-web-backend-gin/command/web_service.cmd.go:24	当前运行在 非 Debug 模式，Gin 使用 Release 模式
2026-01-09 10:56:09.241	info	/Users/yujizhou/development/projects/go/aid/web-site/backend/aid-web-backend-gin/initialize/config.init.go:23	配置文件改变：config.local.yaml
2026-01-09 10:56:09.241	info	/Users/yujizhou/development/projects/go/aid/web-site/backend/aid-web-backend-gin/initialize/config.init.go:23	配置文件改变：config.local.yaml
--------------------------------------------------
启动程序 程序启动成功 [进程号->55741] 启动于：2026-01-09 10:56:31.614
2026-01-09 10:56:31.621	warn	/Users/yujizhou/development/projects/go/aid/web-site/backend/aid-web-backend-gin/command/web_service.cmd.go:21	当前运行在 Debug 模式，Gin 使用 Debug 模式
2026-01-09 10:56:31.621	warn	/Users/yujizhou/development/projects/go/aid/web-site/backend/aid-web-backend-gin/command/web_service.cmd.go:21	当前运行在 Debug 模式，Gin 使用 Debug 模式
2026-01-09 10:56:31.621	warn	/Users/yujizhou/development/projects/go/aid/web-site/backend/aid-web-backend-gin/command/web_service.cmd.go:21	当前运行在 Debug 模式，Gin 使用 Debug 模式
[GIN-debug] [WARNING] Creating an Engine instance with the Logger and Recovery middleware already attached.

[GIN-debug] [WARNING] Running in "debug" mode. Switch to "release" mode in production.
 - using env:	export GIN_MODE=release
 - using code:	gin.SetMode(gin.ReleaseMode)

[GIN-debug] GET    /health/json              --> github.com/aid297/aid/web-site/backend/aid-web-backend-gin/api/httpAPI.HealthAPI.JSON-fm (5 handlers)
[GIN-debug] POST   /health/json              --> github.com/aid297/aid/web-site/backend/aid-web-backend-gin/api/httpAPI.HealthAPI.JSON-fm (5 handlers)
[GIN-debug] PUT    /health/json              --> github.com/aid297/aid/web-site/backend/aid-web-backend-gin/api/httpAPI.HealthAPI.JSON-fm (5 handlers)
[GIN-debug] PATCH  /health/json              --> github.com/aid297/aid/web-site/backend/aid-web-backend-gin/api/httpAPI.HealthAPI.JSON-fm (5 handlers)
[GIN-debug] HEAD   /health/json              --> github.com/aid297/aid/web-site/backend/aid-web-backend-gin/api/httpAPI.HealthAPI.JSON-fm (5 handlers)
[GIN-debug] OPTIONS /health/json              --> github.com/aid297/aid/web-site/backend/aid-web-backend-gin/api/httpAPI.HealthAPI.JSON-fm (5 handlers)
[GIN-debug] DELETE /health/json              --> github.com/aid297/aid/web-site/backend/aid-web-backend-gin/api/httpAPI.HealthAPI.JSON-fm (5 handlers)
[GIN-debug] CONNECT /health/json              --> github.com/aid297/aid/web-site/backend/aid-web-backend-gin/api/httpAPI.HealthAPI.JSON-fm (5 handlers)
[GIN-debug] TRACE  /health/json              --> github.com/aid297/aid/web-site/backend/aid-web-backend-gin/api/httpAPI.HealthAPI.JSON-fm (5 handlers)
[GIN-debug] GET    /health/yaml              --> github.com/aid297/aid/web-site/backend/aid-web-backend-gin/api/httpAPI.HealthAPI.YAML-fm (5 handlers)
[GIN-debug] POST   /health/yaml              --> github.com/aid297/aid/web-site/backend/aid-web-backend-gin/api/httpAPI.HealthAPI.YAML-fm (5 handlers)
[GIN-debug] PUT    /health/yaml              --> github.com/aid297/aid/web-site/backend/aid-web-backend-gin/api/httpAPI.HealthAPI.YAML-fm (5 handlers)
[GIN-debug] PATCH  /health/yaml              --> github.com/aid297/aid/web-site/backend/aid-web-backend-gin/api/httpAPI.HealthAPI.YAML-fm (5 handlers)
[GIN-debug] HEAD   /health/yaml              --> github.com/aid297/aid/web-site/backend/aid-web-backend-gin/api/httpAPI.HealthAPI.YAML-fm (5 handlers)
[GIN-debug] OPTIONS /health/yaml              --> github.com/aid297/aid/web-site/backend/aid-web-backend-gin/api/httpAPI.HealthAPI.YAML-fm (5 handlers)
[GIN-debug] DELETE /health/yaml              --> github.com/aid297/aid/web-site/backend/aid-web-backend-gin/api/httpAPI.HealthAPI.YAML-fm (5 handlers)
[GIN-debug] CONNECT /health/yaml              --> github.com/aid297/aid/web-site/backend/aid-web-backend-gin/api/httpAPI.HealthAPI.YAML-fm (5 handlers)
[GIN-debug] TRACE  /health/yaml              --> github.com/aid297/aid/web-site/backend/aid-web-backend-gin/api/httpAPI.HealthAPI.YAML-fm (5 handlers)
[GIN-debug] GET    /health/toml              --> github.com/aid297/aid/web-site/backend/aid-web-backend-gin/api/httpAPI.HealthAPI.TOML-fm (5 handlers)
[GIN-debug] POST   /health/toml              --> github.com/aid297/aid/web-site/backend/aid-web-backend-gin/api/httpAPI.HealthAPI.TOML-fm (5 handlers)
[GIN-debug] PUT    /health/toml              --> github.com/aid297/aid/web-site/backend/aid-web-backend-gin/api/httpAPI.HealthAPI.TOML-fm (5 handlers)
[GIN-debug] PATCH  /health/toml              --> github.com/aid297/aid/web-site/backend/aid-web-backend-gin/api/httpAPI.HealthAPI.TOML-fm (5 handlers)
[GIN-debug] HEAD   /health/toml              --> github.com/aid297/aid/web-site/backend/aid-web-backend-gin/api/httpAPI.HealthAPI.TOML-fm (5 handlers)
[GIN-debug] OPTIONS /health/toml              --> github.com/aid297/aid/web-site/backend/aid-web-backend-gin/api/httpAPI.HealthAPI.TOML-fm (5 handlers)
[GIN-debug] DELETE /health/toml              --> github.com/aid297/aid/web-site/backend/aid-web-backend-gin/api/httpAPI.HealthAPI.TOML-fm (5 handlers)
[GIN-debug] CONNECT /health/toml              --> github.com/aid297/aid/web-site/backend/aid-web-backend-gin/api/httpAPI.HealthAPI.TOML-fm (5 handlers)
[GIN-debug] TRACE  /health/toml              --> github.com/aid297/aid/web-site/backend/aid-web-backend-gin/api/httpAPI.HealthAPI.TOML-fm (5 handlers)
[GIN-debug] GET    /health                   --> github.com/aid297/aid/web-site/backend/aid-web-backend-gin/api/httpAPI.HealthAPI.TOML-fm (5 handlers)
[GIN-debug] POST   /health                   --> github.com/aid297/aid/web-site/backend/aid-web-backend-gin/api/httpAPI.HealthAPI.TOML-fm (5 handlers)
[GIN-debug] PUT    /health                   --> github.com/aid297/aid/web-site/backend/aid-web-backend-gin/api/httpAPI.HealthAPI.TOML-fm (5 handlers)
[GIN-debug] PATCH  /health                   --> github.com/aid297/aid/web-site/backend/aid-web-backend-gin/api/httpAPI.HealthAPI.TOML-fm (5 handlers)
[GIN-debug] HEAD   /health                   --> github.com/aid297/aid/web-site/backend/aid-web-backend-gin/api/httpAPI.HealthAPI.TOML-fm (5 handlers)
[GIN-debug] OPTIONS /health                   --> github.com/aid297/aid/web-site/backend/aid-web-backend-gin/api/httpAPI.HealthAPI.TOML-fm (5 handlers)
[GIN-debug] DELETE /health                   --> github.com/aid297/aid/web-site/backend/aid-web-backend-gin/api/httpAPI.HealthAPI.TOML-fm (5 handlers)
[GIN-debug] CONNECT /health                   --> github.com/aid297/aid/web-site/backend/aid-web-backend-gin/api/httpAPI.HealthAPI.TOML-fm (5 handlers)
[GIN-debug] TRACE  /health                   --> github.com/aid297/aid/web-site/backend/aid-web-backend-gin/api/httpAPI.HealthAPI.TOML-fm (5 handlers)
[GIN-debug] GET    /upload/rezip/*filepath   --> github.com/gin-gonic/gin.(*RouterGroup).createStaticHandler.func1 (5 handlers)
[GIN-debug] HEAD   /upload/rezip/*filepath   --> github.com/gin-gonic/gin.(*RouterGroup).createStaticHandler.func1 (5 handlers)
[GIN-debug] POST   /api/v1/rezip/upload      --> github.com/aid297/aid/web-site/backend/aid-web-backend-gin/api/httpAPI/v1HTTPAPI.RezipAPI.Upload-fm (7 handlers)
[GIN-debug] POST   /api/v1/uuid/generate     --> github.com/aid297/aid/web-site/backend/aid-web-backend-gin/api/httpAPI/v1HTTPAPI.UUIDAPI.Generate-fm (7 handlers)
[GIN-debug] POST   /api/v1/uuid/versions     --> github.com/aid297/aid/web-site/backend/aid-web-backend-gin/api/httpAPI/v1HTTPAPI.UUIDAPI.Versions-fm (7 handlers)
[GIN-debug] POST   /api/v1/upload/single     --> github.com/aid297/aid/web-site/backend/aid-web-backend-gin/api/httpAPI/v1HTTPAPI.UploadAPI.Single-fm (7 handlers)
[GIN-debug] POST   /api/v1/upload/multiple   --> github.com/aid297/aid/web-site/backend/aid-web-backend-gin/api/httpAPI/v1HTTPAPI.UploadAPI.Multiple-fm (7 handlers)
[GIN-debug] GET    /web/*filepath            --> github.com/gin-gonic/gin.(*RouterGroup).createStaticHandler.func1 (5 handlers)
[GIN-debug] HEAD   /web/*filepath            --> github.com/gin-gonic/gin.(*RouterGroup).createStaticHandler.func1 (5 handlers)
[GIN-debug] GET    /manager/*filepath        --> github.com/gin-gonic/gin.(*RouterGroup).createStaticHandler.func1 (5 handlers)
[GIN-debug] HEAD   /manager/*filepath        --> github.com/gin-gonic/gin.(*RouterGroup).createStaticHandler.func1 (5 handlers)
[GIN-debug] [WARNING] You trusted all proxies, this is NOT safe. We recommend you to set a value.
Please check https://pkg.go.dev/github.com/gin-gonic/gin#readme-don-t-trust-all-proxies for details.
[GIN-debug] Listening and serving HTTP on :9900
